[2016-03-09 18:21:56] START
[2016-03-09 18:44:54] CREATE test_py.py: 0
[2016-03-09 18:46:25] EDIT app1/controllers/test_py.py: 1
[2016-03-09 18:46:29] EDIT app1/controllers/test_py.py: 0
[2016-03-09 18:48:04] EDIT app1/controllers/test_py.py: 0
[2016-03-09 18:48:47] DELETE app1/controllers/test_py.py: -2
[2016-03-09 18:48:59] CREATE test.py: 0
[2016-03-09 18:49:51] EDIT app1/controllers/test.py: 1
[2016-03-09 18:51:43] EDIT app1/controllers/test.py: 2
[2016-03-09 18:51:44] EDIT app1/controllers/test.py: 0
[2016-03-09 18:55:09] EDIT app1/controllers/test.py: 2
[2016-03-09 18:55:39] EDIT app1/controllers/test.py: 0
[2016-03-09 18:58:25] EDIT app1/controllers/test.py: 1
[2016-03-09 18:59:52] EDIT app1/controllers/test.py: 1
[2016-03-09 19:08:49] EDIT app1/controllers/test.py: 4
[2016-03-09 19:09:00] EDIT app1/controllers/test.py: 0
[2016-03-09 19:09:02] EDIT app1/controllers/test.py: 0
[2016-03-09 19:11:49] EDIT app1/controllers/test.py: 2
[2016-03-09 19:12:26] EDIT app1/controllers/test.py: 0
[2016-03-09 19:13:02] EDIT app1/controllers/test.py: 0
[2016-03-09 19:15:09] EDIT app1/controllers/test.py: 0
[2016-03-09 19:17:20] EDIT app1/controllers/default.py: 0
[2016-03-09 19:20:58] EDIT app1/views/default/index.html: -47
[2016-03-09 19:23:02] EDIT app1/views/default/index.html: 2
[2016-03-09 19:28:58] EDIT app1/views/default/index.html: 3
[2016-03-09 19:30:39] EDIT app1/views/default/index.html: -3
[2016-03-09 19:33:05] EDIT app1/controllers/default.py: 4
[2016-03-09 19:35:15] EDIT app1/controllers/default.py: 0
[2016-03-09 19:39:11] EDIT app1/controllers/default.py: 1
[2016-03-09 19:39:38] EDIT app1/controllers/default.py: 0
[2016-03-09 19:41:22] EDIT app1/controllers/default.py: 0
[2016-03-09 19:43:45] EDIT app1/controllers/default.py: 0
[2016-03-09 19:43:54] EDIT app1/controllers/default.py: 0
[2016-03-09 19:43:56] EDIT app1/controllers/default.py: 0
[2016-03-09 19:53:39] EDIT app1/controllers/default.py: 3
[2016-03-09 19:56:31] EDIT app1/controllers/default.py: 2
[2016-03-09 19:57:53] EDIT app1/controllers/default.py: 0
[2016-03-09 20:09:07] EDIT app1/controllers/default.py: 1
[2016-03-09 20:12:00] EDIT app1/controllers/default.py: 2
[2016-03-09 20:14:08] EDIT app1/views/default/index.html: 2
[2016-03-09 20:16:39] EDIT app1/views/default/index.html: 0
[2016-03-09 20:17:01] EDIT app1/views/default/index.html: 0
[2016-03-09 20:18:12] EDIT app1/views/default/index.html: 0
[2016-03-09 20:19:39] EDIT app1/controllers/default.py: 1
[2016-03-09 20:20:07] EDIT app1/views/default/index.html: 0
[2016-03-09 20:22:39] EDIT app1/controllers/default.py: 0
[2016-03-09 20:25:42] EDIT app1/controllers/default.py: 3
[2016-03-09 20:26:43] EDIT app1/controllers/default.py: 0
[2016-03-09 20:27:57] CREATE default/form1.html: 0
[2016-03-09 20:29:32] EDIT app1/views/default/form1.html: -1
[2016-03-09 20:33:04] EDIT app1/controllers/default.py: 2
[2016-03-09 20:34:51] EDIT app1/controllers/default.py: 0
[2016-03-09 20:39:18] EDIT app1/controllers/default.py: 0
[2016-03-09 20:42:15] EDIT app1/controllers/default.py: 1
[2016-03-09 20:43:02] EDIT app1/controllers/default.py: 0
[2016-03-09 20:43:10] EDIT app1/controllers/default.py: 0
[2016-03-09 20:45:07] EDIT app1/controllers/default.py: 0
[2016-03-09 20:47:12] EDIT app1/controllers/default.py: 0
[2016-03-09 20:47:35] EDIT app1/controllers/default.py: 0
[2016-03-09 20:57:36] EDIT app1/controllers/default.py: 0
