[2016-03-14 18:04:00] START
[2016-03-14 18:25:55] EDIT app2/models/menu.py: -102
[2016-03-14 18:27:24] EDIT app2/models/menu.py: 1
[2016-03-14 18:28:05] EDIT app2/models/menu.py: 0
[2016-03-14 18:30:32] EDIT app2/models/menu.py: 1
[2016-03-14 18:34:13] CREATE db1.py: 0
[2016-03-14 18:36:20] EDIT app2/models/db1.py: 1
[2016-03-14 18:47:47] EDIT app2/models/db1.py: 3
[2016-03-14 18:54:17] EDIT app2/controllers/default.py: -6
[2016-03-14 18:55:58] EDIT app2/views/default/index.html: -46
[2016-03-14 18:58:37] EDIT app2/controllers/default.py: 1
[2016-03-14 18:59:12] EDIT app2/controllers/default.py: 0
[2016-03-14 19:00:54] EDIT app2/controllers/default.py: 0
[2016-03-14 19:02:26] EDIT app2/views/default/index.html: 2
[2016-03-14 19:09:04] EDIT app2/views/default/index.html: 5
[2016-03-14 19:10:52] EDIT app2/views/default/index.html: 2
[2016-03-14 19:12:41] EDIT app2/views/default/index.html: 4
[2016-03-14 19:14:53] EDIT app2/controllers/default.py: 3
[2016-03-14 19:15:41] EDIT app2/controllers/default.py: 0
[2016-03-14 19:17:17] EDIT app2/controllers/default.py: 0
[2016-03-14 19:19:21] EDIT app2/controllers/default.py: 0
[2016-03-14 19:22:13] EDIT app2/views/default/index.html: 0
[2016-03-14 19:25:29] CREATE default/show.html: 0
[2016-03-14 19:28:10] EDIT app2/views/default/show.html: 3
[2016-03-14 19:28:45] EDIT app2/views/default/show.html: 1
[2016-03-14 19:29:00] EDIT app2/views/default/show.html: 0
[2016-03-14 19:29:25] EDIT app2/views/default/show.html: 1
[2016-03-14 19:34:06] EDIT app2/controllers/default.py: 1
[2016-03-14 19:34:27] EDIT app2/controllers/default.py: 1
[2016-03-14 19:36:09] CREATE default/create.html: 0
[2016-03-14 19:36:58] EDIT app2/views/default/create.html: 0
[2016-03-14 19:38:01] EDIT app2/views/default/index.html: -2
[2016-03-14 19:39:45] EDIT app2/controllers/default.py: 1
[2016-03-14 19:42:55] EDIT app2/models/menu.py: 1
[2016-03-14 19:45:04] EDIT app2/models/menu.py: 1
[2016-03-14 19:45:36] EDIT app2/models/menu.py: 0
[2016-03-14 19:45:58] EDIT app2/models/menu.py: -1
[2016-03-14 19:46:35] EDIT app2/models/menu.py: 1
[2016-03-14 19:47:53] EDIT app2/models/menu.py: 0
[2016-03-14 19:49:02] EDIT app2/models/menu.py: 0
[2016-03-14 19:50:45] EDIT app2/models/menu.py: 0
[2016-03-14 19:51:33] EDIT app2/models/menu.py: 0
[2016-03-14 19:52:19] EDIT app2/models/menu.py: 0
[2016-03-14 20:02:52] EDIT app2/models/db.py: 6
[2016-03-14 20:03:07] EDIT app2/models/db.py: 0
[2016-03-14 20:12:44] EDIT app2/controllers/default.py: 1
[2016-03-14 20:15:20] EDIT app2/controllers/default.py: 3
[2016-03-14 20:18:15] EDIT app2/controllers/default.py: 3
[2016-03-14 20:20:53] EDIT app2/controllers/default.py: 1
[2016-03-14 20:35:25] EDIT app2/models/db1.py: 1
[2016-03-14 20:37:28] EDIT app2/models/db1.py: 2
[2016-03-14 20:38:41] EDIT app2/models/db1.py: -3
[2016-03-14 20:39:55] EDIT app2/views/default/index.html: 0
[2016-03-14 20:40:49] EDIT app2/views/default/show.html: 0
[2016-03-14 20:41:35] EDIT app2/views/default/show.html: 0
[2016-03-14 20:42:02] EDIT app2/views/default/show.html: 0
[2016-03-14 20:43:46] EDIT app2/controllers/default.py: -3
[2016-03-14 20:47:43] EDIT app2/views/default/show.html: 0
[2016-03-14 20:48:15] EDIT app2/views/default/show.html: 0
[2016-03-14 20:49:52] EDIT app2/views/default/show.html: 0
[2016-03-14 20:52:57] EDIT app2/views/default/show.html: 0
[2016-03-14 20:53:59] EDIT app2/views/default/show.html: 0
[2016-03-14 20:54:27] EDIT app2/views/default/show.html: 0
[2016-03-14 20:55:20] EDIT app2/views/default/show.html: 0
[2016-03-14 20:55:39] EDIT app2/views/default/show.html: 0
[2016-03-14 21:03:46] EDIT app2/controllers/default.py: 2
[2016-03-14 21:07:09] EDIT app2/models/menu.py: 2
[2016-03-14 21:08:50] EDIT app2/models/db1.py: 3
[2016-03-14 21:09:52] EDIT app2/models/db1.py: 1
[2016-03-14 21:14:19] EDIT app2/controllers/default.py: 5
[2016-03-14 21:15:41] EDIT app2/views/default/show.html: 2
[2016-03-14 21:15:52] EDIT app2/controllers/default.py: 0
[2016-03-14 21:15:53] EDIT app2/controllers/default.py: 0
[2016-03-14 21:16:19] EDIT app2/controllers/default.py: 0
[2016-03-14 21:21:44] EDIT app2/views/default/show.html: 6
[2016-03-14 21:21:53] EDIT app2/views/default/show.html: 0
[2016-03-14 21:25:09] CREATE default/manage.html: 0
[2016-03-14 21:26:00] EDIT app2/views/default/manage.html: 2
[2016-03-14 23:00:40] EDIT app2/views/default/index.html: 9
[2016-03-14 23:06:33] EDIT app2/views/default/index.html: 0
